<?xml version="1.0" encoding="UTF-8"?>
<!-- Generated by org.testng.reporters.JUnitReportReporter -->
<testsuite hostname="Sivasankar-PC" failures="0" tests="1" name="org.base.ApiStatusCheck" time="9.152" errors="0" timestamp="2023-05-04T01:11:58 IST" skipped="0">
  <testcase classname="org.base.ApiStatusCheck" name="tc01" time="9.152"/>
  <system-out/>
</testsuite> <!-- org.base.ApiStatusCheck -->
